::1 - - [22/Jan/2024:21:33:56 +0000] "GET /api HTTP/1.1" 200 32 "-" "PostmanRuntime/7.36.1"
::1 - - [22/Jan/2024:21:34:13 +0000] "GET /api/salutations?langue=fr HTTP/1.1" 200 83 "-" "PostmanRuntime/7.36.1"
::1 - - [22/Jan/2024:21:34:31 +0000] "GET /api/salutations/liste HTTP/1.1" 200 1092 "-" "PostmanRuntime/7.36.1"
::1 - - [22/Jan/2024:21:34:42 +0000] "GET /api/salutations HTTP/1.1" 200 83 "-" "PostmanRuntime/7.36.1"
::1 - - [22/Jan/2024:21:38:10 +0000] "POST /api/salutations HTTP/1.1" 400 86 "-" "PostmanRuntime/7.36.1"
::1 - - [22/Jan/2024:21:39:08 +0000] "POST /api/salutations HTTP/1.1" 200 127 "-" "PostmanRuntime/7.36.1"
::1 - - [22/Jan/2024:21:39:54 +0000] "GET /api/salutations/liste HTTP/1.1" 200 1173 "-" "PostmanRuntime/7.36.1"
::1 - - [22/Jan/2024:21:41:13 +0000] "GET /api/salutations/langue=fr HTTP/1.1" 404 164 "-" "PostmanRuntime/7.36.1"
::1 - - [22/Jan/2024:21:41:23 +0000] "GET /api/salutations?langue=fr HTTP/1.1" 200 83 "-" "PostmanRuntime/7.36.1"
::1 - - [22/Jan/2024:21:41:27 +0000] "GET /api/salutations?langue=fr HTTP/1.1" 200 83 "-" "PostmanRuntime/7.36.1"
::1 - - [22/Jan/2024:21:41:32 +0000] "GET /api/salutations?langue=fr HTTP/1.1" 200 80 "-" "PostmanRuntime/7.36.1"
::1 - - [22/Jan/2024:21:41:35 +0000] "GET /api/salutations?langue=fr HTTP/1.1" 200 59 "-" "PostmanRuntime/7.36.1"
::1 - - [22/Jan/2024:21:41:36 +0000] "GET /api/salutations?langue=fr HTTP/1.1" 200 59 "-" "PostmanRuntime/7.36.1"
::1 - - [22/Jan/2024:21:41:37 +0000] "GET /api/salutations?langue=fr HTTP/1.1" 200 63 "-" "PostmanRuntime/7.36.1"
::1 - - [22/Jan/2024:21:41:37 +0000] "GET /api/salutations?langue=fr HTTP/1.1" 200 63 "-" "PostmanRuntime/7.36.1"
::1 - - [22/Jan/2024:21:41:38 +0000] "GET /api/salutations?langue=fr HTTP/1.1" 200 80 "-" "PostmanRuntime/7.36.1"
::1 - - [22/Jan/2024:21:41:39 +0000] "GET /api/salutations?langue=fr HTTP/1.1" 200 63 "-" "PostmanRuntime/7.36.1"
::1 - - [22/Jan/2024:21:41:40 +0000] "GET /api/salutations?langue=fr HTTP/1.1" 200 63 "-" "PostmanRuntime/7.36.1"
::1 - - [22/Jan/2024:21:41:40 +0000] "GET /api/salutations?langue=fr HTTP/1.1" 200 83 "-" "PostmanRuntime/7.36.1"
::1 - - [22/Jan/2024:21:44:07 +0000] "GET /api/salutations?langue=en HTTP/1.1" 200 64 "-" "PostmanRuntime/7.36.1"
::1 - - [22/Jan/2024:21:44:08 +0000] "GET /api/salutations?langue=en HTTP/1.1" 200 64 "-" "PostmanRuntime/7.36.1"
::1 - - [22/Jan/2024:21:44:08 +0000] "GET /api/salutations?langue=en HTTP/1.1" 200 82 "-" "PostmanRuntime/7.36.1"
::1 - - [22/Jan/2024:21:44:09 +0000] "GET /api/salutations?langue=en HTTP/1.1" 200 82 "-" "PostmanRuntime/7.36.1"
::1 - - [22/Jan/2024:21:44:10 +0000] "GET /api/salutations?langue=en HTTP/1.1" 200 64 "-" "PostmanRuntime/7.36.1"
::1 - - [22/Jan/2024:21:44:10 +0000] "GET /api/salutations?langue=en HTTP/1.1" 200 63 "-" "PostmanRuntime/7.36.1"
::1 - - [22/Jan/2024:21:44:11 +0000] "GET /api/salutations?langue=en HTTP/1.1" 200 54 "-" "PostmanRuntime/7.36.1"
::1 - - [22/Jan/2024:22:05:28 +0000] "GET /api/salutations HTTP/1.1" 200 70 "-" "PostmanRuntime/7.36.1"
::1 - - [22/Jan/2024:22:05:33 +0000] "GET /api/salutations/liste HTTP/1.1" 200 1092 "-" "PostmanRuntime/7.36.1"
::1 - - [22/Jan/2024:22:05:39 +0000] "GET /api/salutations?langue=en HTTP/1.1" 200 82 "-" "PostmanRuntime/7.36.1"
::1 - - [22/Jan/2024:22:05:41 +0000] "GET /api/salutations?langue=en HTTP/1.1" 200 54 "-" "PostmanRuntime/7.36.1"
::1 - - [22/Jan/2024:22:05:41 +0000] "GET /api/salutations?langue=en HTTP/1.1" 200 82 "-" "PostmanRuntime/7.36.1"
::1 - - [22/Jan/2024:22:05:42 +0000] "GET /api/salutations?langue=en HTTP/1.1" 200 82 "-" "PostmanRuntime/7.36.1"
::1 - - [22/Jan/2024:22:05:43 +0000] "GET /api/salutations?langue=en HTTP/1.1" 200 63 "-" "PostmanRuntime/7.36.1"
::1 - - [22/Jan/2024:22:05:44 +0000] "GET /api/salutations?langue=en HTTP/1.1" 200 82 "-" "PostmanRuntime/7.36.1"
::1 - - [22/Jan/2024:22:05:44 +0000] "GET /api/salutations?langue=en HTTP/1.1" 200 54 "-" "PostmanRuntime/7.36.1"
::1 - - [22/Jan/2024:22:05:47 +0000] "GET /api/salutations?langue=fr HTTP/1.1" 200 59 "-" "PostmanRuntime/7.36.1"
::1 - - [22/Jan/2024:22:05:48 +0000] "GET /api/salutations?langue=fr HTTP/1.1" 200 83 "-" "PostmanRuntime/7.36.1"
::1 - - [22/Jan/2024:22:05:49 +0000] "GET /api/salutations?langue=fr HTTP/1.1" 200 59 "-" "PostmanRuntime/7.36.1"
::1 - - [22/Jan/2024:22:05:49 +0000] "GET /api/salutations?langue=fr HTTP/1.1" 200 70 "-" "PostmanRuntime/7.36.1"
::1 - - [22/Jan/2024:22:05:50 +0000] "GET /api/salutations?langue=fr HTTP/1.1" 200 59 "-" "PostmanRuntime/7.36.1"
::1 - - [22/Jan/2024:22:05:51 +0000] "GET /api/salutations?langue=fr HTTP/1.1" 200 63 "-" "PostmanRuntime/7.36.1"
::1 - - [22/Jan/2024:22:05:51 +0000] "GET /api/salutations?langue=fr HTTP/1.1" 200 63 "-" "PostmanRuntime/7.36.1"
::1 - - [22/Jan/2024:22:05:52 +0000] "GET /api/salutations?langue=fr HTTP/1.1" 200 70 "-" "PostmanRuntime/7.36.1"
::1 - - [22/Jan/2024:22:06:37 +0000] "GET /api/salutations?langue= HTTP/1.1" 200 82 "-" "PostmanRuntime/7.36.1"
::1 - - [22/Jan/2024:22:06:39 +0000] "GET /api/salutations?langue HTTP/1.1" 200 83 "-" "PostmanRuntime/7.36.1"
::1 - - [22/Jan/2024:22:06:40 +0000] "GET /api/salutations?langue HTTP/1.1" 200 59 "-" "PostmanRuntime/7.36.1"
::1 - - [22/Jan/2024:22:06:41 +0000] "GET /api/salutations?langue HTTP/1.1" 200 84 "-" "PostmanRuntime/7.36.1"
::1 - - [22/Jan/2024:22:06:41 +0000] "GET /api/salutations?langue HTTP/1.1" 200 64 "-" "PostmanRuntime/7.36.1"
::1 - - [22/Jan/2024:22:06:42 +0000] "GET /api/salutations?langue HTTP/1.1" 200 59 "-" "PostmanRuntime/7.36.1"
::1 - - [22/Jan/2024:22:06:43 +0000] "GET /api/salutations?langue HTTP/1.1" 200 63 "-" "PostmanRuntime/7.36.1"
::1 - - [22/Jan/2024:22:06:44 +0000] "GET /api/salutations?langue HTTP/1.1" 200 63 "-" "PostmanRuntime/7.36.1"
::1 - - [22/Jan/2024:22:06:44 +0000] "GET /api/salutations?langue HTTP/1.1" 200 57 "-" "PostmanRuntime/7.36.1"
::1 - - [22/Jan/2024:22:06:45 +0000] "GET /api/salutations?langue HTTP/1.1" 200 83 "-" "PostmanRuntime/7.36.1"
::1 - - [22/Jan/2024:22:06:45 +0000] "GET /api/salutations?langue HTTP/1.1" 200 63 "-" "PostmanRuntime/7.36.1"
::1 - - [22/Jan/2024:22:06:46 +0000] "GET /api/salutations?langue HTTP/1.1" 200 63 "-" "PostmanRuntime/7.36.1"
::1 - - [22/Jan/2024:22:06:47 +0000] "GET /api/salutations?langue HTTP/1.1" 200 59 "-" "PostmanRuntime/7.36.1"
::1 - - [22/Jan/2024:22:06:47 +0000] "GET /api/salutations?langue HTTP/1.1" 200 70 "-" "PostmanRuntime/7.36.1"
